Arguments: 
  C:\Program Files\nodejs\node.exe D:\nodejs\node_global\node_modules\yarn\bin\yarn.js add vant-weapp --production

PATH: 
  C:\Windows\system32;C:\Windows;C:\Windows\System32\Wbem;C:\Windows\System32\WindowsPowerShell\v1.0\;C:\Windows\System32\OpenSSH\;C:\Program Files\nodejs\;D:\nodejs\node_global;C:\Users\栎坪\AppData\Local\Microsoft\WindowsApps;D:\download\Microsoft VS Code\bin;C:\Users\栎坪\AppData\Roaming\npm;D:\nodejs\node_global;

Yarn version: 
  1.19.2

Node version: 
  10.16.3

Platform: 
  win32 x64

Trace: 
  Error: EPERM: operation not permitted, unlink 'E:\like_sports_vant\node_modules\_vant-weapp@0.5.23@vant-weapp\dist'

npm manifest: 
  {
    "dependencies": {
      "vant-weapp": "^0.5.23"
    }
  }

yarn manifest: 
  No manifest

Lockfile: 
  # THIS IS AN AUTOGENERATED FILE. DO NOT EDIT THIS FILE DIRECTLY.
  # yarn lockfile v1
  
  
  vant-weapp@^0.5.23:
    version "0.5.23"
    resolved "https://registry.yarnpkg.com/vant-weapp/-/vant-weapp-0.5.23.tgz#e3dcf162e15f74e6637a9b6f88e324acf10b5155"
    integrity sha512-kI0uYbF5rp85u+puNtXUMqnDbefUvAhJ+sC0Tfx8H95fmUM+MpvEaNxR6JdTYv1JMOL++D3HkpNDxSr4ClrNFg==
